MRAS_Rs
Tem_Dem
Tem_Step
DEKF_Rs
DEKF_Ldd
DEKF_Ldq
DEKF_Lqq
DEKF_IdhOb
DEKF_IqhOb
HFI_Imd
HFI_Umd
HFI_Umq
HFI_FRQ
HFI_Imq
DEKF_R
DEKF_Qx
DEKF_QpRs
DEKF_QpLdd
DEKF_QpLdq
DEKF_QpLqq
DEKF_Phiq0
Phi_dOb
Phi_Rs
Phi_qOb
DEKF_Gamma
DEKF_Udelay
INITV_RS
INITV_NDD
INITV_NDQ
INITV_NQQ
Id_Filter
Iq_Filter
Tr_Phidm
Tr_Lqap
Tr_Lqinc
Tr_Ldap
Tr_Ldinc
V_OFFSET
Tr_Ldqinc
Tr_Tem
Tr_Ttotal
MRAS_Ld
MRAS_Lq
MRAS_KR
MRAS_KLd
MRAS_KLq
MRAS_Idh
MRAS_Iqh
PI_Multi
THERMAL_Ud
THERMAL_Uq
THERMAL_IdRef
THERMAL_IqRef
THERMAL_IdFbk
THERMAL_IqFbk
THERMAL_N
THERMAL_Pele
Udc_Filter
W_OFFSET
Udc_REF
Udc_FBK
Udc_Kp
Udc_Ki
Udc_Integral
Udc_Dem
Udc_Step
FbL_Ld
FbL_Lq
FbL_Phif
FbL_Rs
FbL_Cdc
FbL_z1
FbL_z2
FbL_z3
FbL_ud
FbL_uq
FbL_Rdc
Ud_in
Uq_in
CLA_Data
FbL_k0
FbL_k1
FbL_k2
FbL_k4
FbL_k5
FbL_k3
FbL_z1ref
FbL_v1
FbL_v2
FbL_z1_Integral
FbL_z3_Integral
FbL_Udc_Integral
FbL_iqMuti
FbL_Phif6Amp
FbL_Phif6Pha
FbL_Phif6wave
smc_c
smc_r
smc_b1
smc_b2
V_Current
smc_uqset
smc_x1_integral
smc_e1_integral
smc_z1_integral
smc_en
smc_f
FbL_smc_integral
FbL_smc_r1
FbL_smc_r2
W_Current
U_Current
Id_FBK
Iq_FBK
Id_REF
Iq_REF
Id_Kp
Iq_Kp
Id_Ki
Iq_Ki
ResloverAng
N_FBK
N_REF
N_Filter
N_Kp
N_Ki
ControlAng
N_Integral
Id_Integral
Iq_Integral
TempA
TempB
TempC
UDC
UDCPROTECT
VF_Ud
VF_Uq
VF_F
VF_F_Step
IF_F
IF_F_Step
UDOUT
UQOUT
USOUT
U_OFFSET
N_Dem
N_Step
ArrayId_FBK
ArrayIq_FBK
ArrayTheta
BufferOutId_FBK
BufferOutIq_FBK
BufferOutTheta
UDOUT_Comp
UQOUT_Comp
USOUT_Comp
K
Udelta
ArrayId_REF
ArrayIq_REF
BufferOutId_REF
BufferOutIq_REF
ArrayUdComP
ArrayUqComP
BufferOutUdComP
BufferOutUqComP
UdComP_Filter
UqComP_Filter
UsComP_Filter
N_400Hz
DEKF_Idh
DEKF_Id0
DEKF_Iqh
DEKF_Iq0
DEKF_Udh
DEKF_Ud0
DEKF_Uqh
DEKF_Uq0
DEKF_Phid0
N_NOFILTER
STOP
ResloverA0
DEKF_FLAG
ResloverA1
ResloverSAMPLE
DEKF_Clear
IGBT_Fault
REVERSE_FLAG
ResloverRESET
ResloverFRQ
InitMode
ResloverRES
ChartFlag
U_AD
ResloverMid
ResloverFaultRead
PROTECT
V_AD
ControlMode
FLAG_MTPA
W_AD
COMPARE_A
COMPARE_B
COMPARE_C
SPIC_Tx
SPIC_Rx
BufferFlag
FLAG_5742
ResloverWR
